   0.0000000000000000                5         151
           1
    2.161100000000    1.645514600822    1.331821898214    1.320403227449    1.573973837741    2.123188648826
    1.716565183090    1.355777652917    1.305787344635    1.529477168198    2.056085893183    1.789247970066
    1.382316947750    1.294580923106    1.486332547173    1.967461659163    1.876242929495    1.416988060945
    1.287146549000    1.440524230052    1.860526190888    1.984692059118    1.466240028279    1.287489142800
    1.394679736782    1.752037120888    2.095875281063    1.532629471596    1.299375056502    1.356465087480
    1.663501403308    2.158882057303    1.608087383815    1.320107769213    1.329986652468    1.599542116600
    2.147468301302    1.681244154942    1.343608584973    1.312583268033    1.551226414256    2.092493638084
    1.751735897999    1.368344398592    1.299866840292    1.508250606550    2.014757361949    1.829936096456
    1.398105327477    1.290229175134    1.463876071728    1.915909831562    1.927720941404    1.439316943348
    1.286019494548    1.417282915071    1.805255586690    2.042407261746    1.497350999622    1.291934357654
    1.374261358350    1.704663546090    2.136555572170    1.569922097952    1.309015104685    1.341870594628
    1.629019007172    2.161171039639    1.645120059974    1.331694701464    1.320498559929    1.574237679461
    2.123497405234    1.716178242107    1.355641744877    1.305857137773    1.529713024190    2.056514780536
    1.788820090655    1.382154688558    1.294633181279    1.486572592082    1.967998435633    1.875715254328
    1.416767762620    1.287169919079    1.440775088308    1.861124159241    1.984072694765    1.465931415661
    1.287455311721    1.394898822549    1.752544830337    2.095393724118    1.532266203375    1.299287568474
    1.356616337012    1.663852978099    2.158773233453    1.607739827876    1.320001450374    1.330076503245
    1.599772437237    2.147635267721    1.680948880900    1.343508893793    1.312638555378    1.551397203678
    2.092751788900    1.751462348788    1.368244576882    1.299905185293    1.508401062522    2.015066049338
    1.829638693585    1.397987269020    1.290251720131    1.464022412399    1.916250666233    1.927378392464
    1.439162841327    1.286018079793    1.417423710669    1.805588211583    2.042062150945    1.497148565397
    1.291898186006    1.374378060832    1.704932751033    2.136358755890    1.569691510973    1.308951345208
    1.341949488275    1.629209586091    2.161210314160    1.644901710091    1.331624132027    1.320548845622
    1.574377111031    2.123660005286    1.715976046462    1.355570672409    1.305891635700    1.529830630549
    2.056727582543    1.788608117125    1.382074356175    1.294659002717    1.486691105086    1.968263276200
    1.875455470581
    0.000000000000    0.635545070263    0.323215447912   -0.228168841999   -0.588264216982   -0.171908896870
    0.633658000405    0.385883650075   -0.158613668551   -0.566250530579   -0.309936681272    0.617944211639
    0.442742255670   -0.086756880439   -0.535879018351   -0.428276869923    0.578979921401    0.500941521379
   -0.002572814667   -0.490648058784   -0.524437273920    0.491059763492    0.558768850274    0.096181245257
   -0.425441901809   -0.584570950601    0.322871531178    0.605332201652    0.198018085300   -0.345554846975
   -0.603991333356    0.103123911168    0.630681733088    0.286216737711   -0.265446566870   -0.596747381609
   -0.090752234632    0.636300949486    0.355739610127   -0.193200660493   -0.578126680410   -0.243603860002
    0.627814004452    0.414276217954   -0.123889649150   -0.552535436859   -0.370931825150    0.602677615402
    0.471358618122   -0.046884646038   -0.515713697244   -0.479651874513    0.543634862536    0.530257046644
    0.045098784968   -0.460726002039   -0.559610577451    0.418205146360    0.584183909426    0.147604454551
   -0.386672285280   -0.598773141637    0.214214691722    0.620776520055    0.244359667245   -0.304883430258
   -0.602544191002    0.001045255062    0.635514851939    0.322839112028   -0.228561159085   -0.588365725282
   -0.171067965921    0.633704581929    0.385562387846   -0.158994104457   -0.566390552084   -0.309235293556
    0.618080060778    0.442430919931   -0.087175450208   -0.536078699399   -0.427687879044    0.579291108211
    0.500623399595   -0.003067922569   -0.490943252594   -0.524006823617    0.491726493493    0.558486420350
    0.095646439280   -0.425826848969   -0.584381031128    0.323910342321    0.605155733661    0.197546703298
   -0.345952569837   -0.603983467829    0.104120535097    0.630620556412    0.285867359424   -0.265785514588
   -0.596816561250   -0.090033271821    0.636312731572    0.355487987719   -0.193478869306   -0.578216821929
   -0.243079083975    0.627875572470    0.414069341952   -0.124149511583   -0.552645704208   -0.370522285856
    0.602811027140    0.471165894516   -0.047161752757   -0.515862272354   -0.479347877683    0.543906511982
    0.530076360303    0.044791912444   -0.460927930454   -0.559428060247    0.418717067574    0.584040988621
    0.147293266355   -0.386916374541   -0.598715972385    0.214894691915    0.620700153126    0.244092329949
   -0.305126361246   -0.602568624124    0.001626220012    0.635499659887    0.322634571803   -0.228773576416
   -0.588421747138   -0.170626811642    0.633730407014    0.385397755624   -0.159188340822   -0.566462626989
   -0.308888404529    0.618147287781    0.442276947781   -0.087382299680   -0.536177270995   -0.427396888988
    0.579444694918
           2
    2.166650000000    1.650241203929    1.332249373197    1.303780209394    1.530604280874    2.053036186467
    1.803201160524    1.388184671215    1.281960442146    1.444536190159    1.863026876210    1.991114540385
    1.470498561215    1.283120129347    1.370555155986    1.691635141485    2.152913838389    1.589447682667
    1.312632414669    1.319201100726    1.572520110223    2.120368300037    1.732517445920    1.361310870561
    1.289247435693    1.481251443051    1.948815962567    1.904403518484    1.429991803065    1.279166520140
    1.400997594572    1.760966755448    2.095615594939    1.532755976892    1.296476323161    1.338902702219
    1.619900185973    2.162185067657    1.666839500775    1.337901969879    1.300309803779    1.520073905383
    2.032628587861    1.823078330042    1.396067925265    1.280743985591    1.435228894061    1.841009697315
    2.013948326522    1.482355952776    1.285133854555    1.363394864253    1.675506531365    2.161204593591
    1.604932865747    1.317435618554    1.314821411257    1.561217049649    2.104670215108    1.750324032932
    1.367929168174    1.286967296487    1.471486144305    1.926293950319    1.926740101027    1.439898227621
    1.279636620495    1.392608629791    1.741650745998    2.113870898877    1.547107426927    1.300309446824
    1.333291175043    1.606805926101    2.154704212176    1.683647515950    1.343751582806    1.297089818144
    1.509748964420    2.011502946213    1.843445486018    1.404286921728    1.279853029243    1.426115559314
    1.819525627732    2.036257883694    1.494670371183    1.287533784162    1.356598024369    1.660229594494
    2.166194784969    1.620545471335    1.322430878738    1.310734761491    1.550326275270    2.087754697313
    1.768328024906    1.374713764348    1.284965300844    1.461962533094    1.904074845946    1.949081636477
    1.450122791805    1.280486800360    1.384601652790    1.723417142913    2.129849340157    1.561627187469
    1.304366671389    1.328090063198    1.594392659893    2.144704771520    1.700495334751    1.349710212589
    1.294138017433    1.499651451841    1.989962443050    1.864243641794    1.412857331254    1.279293878844
    1.417175362942    1.798572224855    2.057898431783    1.507462212522    1.290315331589    1.350147017329
    1.645637612016    2.167859153334    1.636399797600    1.327631649926    1.306889522264    1.539649637531
    2.069565026596    1.786831798655    1.381801250066    1.283227994559    1.452547743777    1.881953583503
    1.971654989727    1.460849023041    1.281726853782    1.376902313195    1.705987908599    2.143431848778
    1.576463742835    1.308706009012    1.323179933715    1.582452062671    2.132459909521    1.717590560454
    1.355849710825
    0.000000000000    0.647056020545    0.351860165810   -0.192976620232   -0.583499813687   -0.326834183646
    0.623808576644    0.474635188693   -0.038883428900   -0.511742119211   -0.531556528126    0.493289586497
    0.576098954418    0.129179418454   -0.398544709490   -0.611972061342    0.169995808156    0.637565808360
    0.289832505564   -0.257842633722   -0.603179337959   -0.196118962182    0.642676915981    0.423138894659
   -0.108391292051   -0.548174988037   -0.457599581555    0.570294622646    0.534769870914    0.054165354813
   -0.453276781952   -0.590397679549    0.335110042858    0.616849110069    0.221613119788   -0.321820194663
   -0.614593595727   -0.043041837634    0.647694856718    0.367295355345   -0.175658499647   -0.577116484894
   -0.357291277222    0.615874106751    0.487604367398   -0.020040197573   -0.500768007799   -0.546811254599
    0.466501770143    0.585672950987    0.148610893943   -0.383291159795   -0.614467155975    0.125140289967
    0.641119595649    0.306554241906   -0.241049604144   -0.598765816415   -0.232455690284    0.639261428488
    0.436934305264   -0.090540270752   -0.539441599450   -0.479406402612    0.553654702621    0.546237714762
    0.073824313179   -0.439584744517   -0.598041967491    0.294012657874    0.623348816842    0.240049340081
   -0.305200658182   -0.612551988049   -0.084945077439    0.647539970152    0.382330045033   -0.158279908473
   -0.570254272916   -0.385897118086    0.606484390485    0.500260204727   -0.001048435328   -0.489261105198
   -0.560345646424    0.436822058952    0.594630027848    0.167775851546   -0.367793700328   -0.615848100255
    0.080850288349    0.643879303741    0.322719855378   -0.224342171465   -0.593888859931   -0.266852416518
    0.634901299068    0.450297979054   -0.072717690042   -0.530277093711   -0.499186275544    0.534938693628
    0.557111180358    0.093216068756   -0.425614590758   -0.604141582844    0.251648478693    0.629015281301
    0.257852880452   -0.288692557399   -0.609839468935   -0.125110834118    0.646603476236    0.396881367262
   -0.140953814126   -0.562994032216   -0.412582757275    0.595540769607    0.512599352851    0.018065459847
   -0.477235793770   -0.572253817046    0.404154110780    0.602961689783    0.186727544046   -0.352023632159
   -0.616235184867    0.037093574998    0.645906414057    0.338527657679   -0.207535010050   -0.588510164129
   -0.299754319767    0.629455073265    0.463461740096   -0.054649602951   -0.520561088664   -0.517289797145
    0.513719974353    0.567523226145    0.112574552354   -0.411225122099   -0.608896732897    0.208041734889
    0.633940976708    0.275234107821   -0.272123107351   -0.606507198240   -0.163901560425    0.644855329197
    0.411120677863
           3
    2.172200000000    1.654995133609    1.333178696099    1.288542947161    1.490438702162    1.962111847222
    1.901082828738    1.429642552821    1.272669591272    1.376605548285    1.699509704079    2.155838592073
    1.590573435416    1.311375577650    1.303152678400    1.532679106526    2.051706091904    1.814738151885
    1.393512968899    1.272184011163    1.409269209111    1.772964982511    2.092821363499    1.531220296500
    1.293343927913    1.321719630523    1.578133006565    2.126202733135    1.737336977294    1.363306259915
    1.276931619869    1.444783752217    1.855653414177    2.008129760288    1.480385710010    1.280576143725
    1.343966265435    1.627979158940    2.169058615959    1.667968429893    1.337777998173    1.286221439659
    1.482650074093    1.944330523362    1.918508790958    1.437329810423    1.273416039051    1.370760201152
    1.686637378027    2.163285009051    1.602853837685    1.315390458760    1.299959069700    1.524162698919
    2.034871898515    1.831015801840    1.400097194022    1.271846836287    1.402599814905    1.757777330568
    2.107600248799    1.542186794650    1.296471650877    1.317829620402    1.569039913423    2.113675230295
    1.751622540004    1.368740748907    1.275637810118    1.437714069123    1.839068042010    2.025311033543
    1.489569277135    1.282619904712    1.339340664643    1.617784278482    2.164064878609    1.681002777054
    1.342445093593    1.284082253866    1.475080138548    1.926811400554    1.935829975113    1.445158287146
    1.274366826020    1.365185546278    1.674402527188    2.168693804257    1.615146675142    1.319480355119
    1.296967920461    1.515858941072    2.017745229825    1.847439667873    1.406845193660    1.271714314652
    1.396119780125    1.743123292364    2.121255189175    1.553359063183    1.299774208510    1.314099055709
    1.560165985164    2.100232915010    1.766111749276    1.374325656597    1.274530347757    1.430787331333
    1.822852194386    2.042080167210    1.498990435597    1.284844537886    1.334895198511    1.607933266294
    2.157360749648    1.694143707776    1.347217278595    1.282106234948    1.467657510998    1.909484877699
    1.953170405882    1.453205208605    1.275526363911    1.359814046497    1.662611163328    2.172042656621
    1.627607599856    1.323681943381    1.294126662711    1.507655406031    2.000286584955    1.864202708525
    1.413843777453    1.271785551455    1.389754013403    1.728798664673    2.133839914808    1.564891551285
    1.303282280006    1.310478410037    1.551340701346    2.085720289225    1.781088836124    1.380167027113
    1.273585733976    1.423885848199    1.806744011456    2.058691008989    1.508823888543    1.287304083082
    1.330561867474
    0.000000000000    0.658480780749    0.380488726615   -0.155951635132   -0.572399393875   -0.453483903913
    0.582159776489    0.550792357911    0.083018127355   -0.430747494218   -0.621578626287    0.180318998824
    0.649249896604    0.315368111382   -0.227631952237   -0.600484328190   -0.339988826305    0.629357081537
    0.502696896841    0.005619930820   -0.484123194796   -0.595063386069    0.353008839220    0.628414592512
    0.244910579525   -0.296740865365   -0.619961402263   -0.196967647719    0.652498867529    0.449691458842
   -0.069561151966   -0.529249331240   -0.546240059508    0.483532483327    0.598014275060    0.172504052487
   -0.360534609429   -0.628830542027   -0.033760695418    0.658822370041    0.392376355747   -0.141931088190
   -0.566055298114   -0.471628593676    0.569542677055    0.559319278117    0.097939517535   -0.419677301867
   -0.624383181796    0.144579178234    0.652012009250    0.328602275248   -0.213718714611   -0.595626172118
   -0.364759415615    0.622269451323    0.512558218172    0.020680104870   -0.474276176832   -0.601914818900
    0.321905446299    0.633292216850    0.258851777822   -0.283673615716   -0.616932336332   -0.226603198164
    0.649507876152    0.460283790906   -0.055234705705   -0.521173118186   -0.557582020811    0.461997538538
    0.604576829685    0.186680446060   -0.348568193371   -0.628031356647   -0.066708879909    0.658672983861
    0.403914525018   -0.128012595968   -0.559506894141   -0.488361578218    0.555816566146    0.567444720219
    0.112583069535   -0.408567825464   -0.626471014938    0.109344260204    0.654285999938    0.341445096536
   -0.199902378253   -0.590505912107   -0.388052925770    0.614299066217    0.522120640375    0.035644282753
   -0.464242345220   -0.607874095957    0.289602725874    0.637751932925    0.272579438370   -0.270533079172
   -0.613556488888   -0.255169733554    0.645890190151    0.470632111132   -0.040910875003   -0.512846910741
   -0.567917484462    0.438890378963    0.610788844004    0.200689638308   -0.336495518092   -0.626789433175
   -0.098912445620    0.658033479684    0.415179282183   -0.114111153197   -0.552706624363   -0.503917999130
    0.540805475823    0.575252359975    0.127112080608   -0.397295326261   -0.627940805007    0.074303049831
    0.656120487071    0.354078687602   -0.186009301413   -0.585078504895   -0.410170554420    0.605288159407
    0.531501371458    0.050698949880   -0.453880785588   -0.613060746240    0.255830135580    0.641841713029
    0.286298477312   -0.257107896363   -0.609797398327   -0.283086695692    0.641523673586    0.480938057955
   -0.026327075116   -0.504125489284   -0.577449662877    0.413724309434    0.616720898948    0.214746768022
   -0.324134794501
           4
    2.177750000000    1.659775182743    1.334521099776    1.274723882777    1.453076494351    1.866510592928
    2.006391286456    1.480658104793    1.276928686961    1.324069823859    1.581058177635    2.128170072960
    1.746745353208    1.367387444138    1.265720765370    1.408468544782    1.763028602465    2.111829411000
    1.545802835311    1.295448740184    1.299629665684    1.525541598024    2.030875948191    1.845200671600
    1.407022620370    1.264313995892    1.369156218774    1.676539477048    2.175062632756    1.622593053132
    1.321176620236    1.280982354628    1.474609112959    1.917061320607    1.955214789903    1.455436108498
    1.271202320074    1.336734398532    1.608090883333    2.158667634467    1.706328053460    1.351855958625
    1.268952417141    1.428177351507    1.808220489682    2.066525540671    1.514603170889    1.286047265265
    1.310094146860    1.550150034539    2.078825420164    1.798841461645    1.388027437197    1.263902236211
    1.386082881938    1.713151690635    2.154986514638    1.586834087164    1.308836028866    1.288582027031
    1.497000839541    1.968648907128    1.904646613686    1.432436303123    1.267106769795    1.350551691089
    1.637176553114    2.176079337366    1.667719978152    1.337433134407    1.273579153309    1.448674392077
    1.856152186990    2.017057902782    1.486266179941    1.278333947098    1.321535592208    1.575578287583
    2.120440989188    1.755510445637    1.370816710365    1.265228514686    1.404453922894    1.753935850854
    2.120491661455    1.552714556969    1.297628007215    1.297570672635    1.520454119154    2.020212332956
    1.855355539451    1.411266657143    1.264624152023    1.365754122578    1.669295617385    2.177119012848
    1.630339452771    1.323923525620    1.279550495324    1.469983284240    1.906249540959    1.966031184223
    1.460573946162    1.272277969889    1.333957573319    1.602217255473    2.153161908724    1.714724664377
    1.355038809396    1.268146426738    1.423927333507    1.798393728046    2.076560753335    1.520972864636
    1.287892745248    1.307791706936    1.544880891531    2.069118437316    1.808388368330    1.391889262112
    1.263843477646    1.382381301364    1.705078760945    2.160549611269    1.594262992321    1.311354782964
    1.286869648242    1.492193009995    1.957711173936    1.915237362252    1.437129557886    1.267841389550
    1.347540516234    1.630826281913    2.173669951271    1.675741125815    1.340396055433    1.272495436187
    1.444299019117    1.845861786519    2.027688526212    1.492003955040    1.279820361826    1.319040803491
    1.570142938041    2.112312762130    1.764398385873    1.374311170816    1.264811436851    1.400493129741
    1.745033174835
    0.000000000000    0.669822799805    0.409016564976   -0.117143233997   -0.555542993846   -0.547879198268
    0.495563790325    0.612313817951    0.200723211821   -0.332424108142   -0.635987797594   -0.207472948845
    0.661331634874    0.479439288448   -0.024524494535   -0.502193614745   -0.610289859358    0.325881964503
    0.647400801013    0.289685891836   -0.249020841095   -0.613175233793   -0.381186852655    0.625685565562
    0.541134082900    0.068875012515   -0.438463439588   -0.638652178533    0.101989057176    0.667017070720
    0.373983480999   -0.158728609521   -0.576145902190   -0.506758342212    0.548660599831    0.592600599793
    0.160187206383   -0.367089148704   -0.641069946799   -0.116866056017    0.667870157997    0.448619060658
   -0.066652239503   -0.527720785175   -0.586541810321    0.412150846770    0.633090717048    0.249528698905
   -0.288026517806   -0.625436961612   -0.307742780317    0.646069827393    0.514364187760    0.026681712135
   -0.468430540844   -0.629680710947    0.205673330724    0.660383401438    0.337007462223   -0.199901201304
   -0.594403115001   -0.456395769804    0.589514151472    0.570730468715    0.119354125804   -0.400108052697
   -0.642542492442   -0.020835563717    0.669910247696    0.416099948236   -0.108398501981   -0.550949812742
   -0.555421163790    0.482680031169    0.616168210029    0.209206253508   -0.324924515852   -0.634496058118
   -0.225680487967    0.659315125296    0.485693979937   -0.015632422803   -0.496538309795   -0.614386828925
    0.305937483033    0.650031983963    0.298073720983   -0.240573086038   -0.610197451525   -0.395440539971
    0.620334435425    0.546537452334    0.077751504660   -0.431919334233   -0.639839443055    0.080171077579
    0.667936865372    0.381553458351   -0.149964124038   -0.571982961748   -0.516196574696    0.538526486481
    0.596955898753    0.168785377017   -0.359894961021   -0.640284191437   -0.136565757275    0.666883239332
    0.455289688004   -0.057757987677   -0.522509802050   -0.592170871842    0.395164800078    0.636357309954
    0.258056604806   -0.279939407818   -0.623102251329   -0.324050896080    0.642403844498    0.520186277344
    0.035615646461   -0.462240301902   -0.632066612921    0.183830540593    0.662098632638    0.344986336013
   -0.191241207902   -0.590742496003   -0.467868268875    0.581787225870    0.575534964154    0.128019505614
   -0.393252545969   -0.642553618022   -0.041507439876    0.669823660392    0.423110856247   -0.099623619420
   -0.546243683897   -0.562618649778    0.469108067808    0.619932154218    0.217701954825   -0.317326778728
   -0.632853758215   -0.243593466544    0.657042118921    0.491868076842   -0.006738737863   -0.490795936154
   -0.618160025412
           5
    2.183300000000    1.664617552371    1.336295714758    1.262360176760    1.418278389766    1.776610643530
    2.107402148568    1.542906275661    1.292890394345    1.285371856812    1.491881125616    1.948085978243
    1.934154423920    1.446999623826    1.265181007220    1.320553385279    1.570092108295    2.108366651620
    1.779709100329    1.381289150121    1.256037287187    1.365287092591    1.661248904873    2.184278743303
    1.649638919979    1.330670072265    1.264222735973    1.426392983125    1.795116388675    2.088904574342
    1.529926419876    1.288662760218    1.288964096511    1.500802812070    1.968560721190    1.914398499151
    1.438096546231    1.263207487674    1.325122971458    1.579428122630    2.123013688206    1.764093188521
    1.375007509212    1.256090388045    1.371327467042    1.673875780433    2.182516130214    1.635253254237
    1.325330827390    1.266264154817    1.434459195546    1.813737177371    2.069938869951    1.517685434223
    1.284770229046    1.292623831637    1.509597243110    1.988395699954    1.895444579401    1.429721317543
    1.261519293732    1.329777983235    1.588856431302    2.136469196132    1.748867476962    1.368938949574
    1.256379741890    1.377623629239    1.687162658677    2.178023093973    1.620924937270    1.320094238149
    1.268568600458    1.442786300443    1.833137981691    2.049975807926    1.505715575210    1.281073206546
    1.296519722063    1.518624980400    2.008369088818    1.876511968210    1.421505601894    1.260034301248
    1.334720558568    1.598844026950    2.149072496384    1.733326526791    1.362801758108    1.256925191726
    1.384440602846    1.701724793200    2.170498524889    1.606135611281    1.314751043489    1.271209743594
    1.451657534442    1.853926713756    2.028564714069    1.493675867780    1.277498936020    1.300763092491
    1.528150698007    2.028827112489    1.857147512199    1.413242883926    1.258729796479    1.340070595581
    1.609684904846    2.160664281538    1.717151438036    1.356456331669    1.257764156451    1.391896041173
    1.717883143205    2.159647086757    1.590781594379    1.309279041759    1.274208632579    1.461084705995
    1.876068302445    2.005875622326    1.481639886114    1.274065748567    1.305318020434    1.538145872030
    2.049520707928    1.837534761326    1.405003408604    1.257649862842    1.345838557891    1.621387954227
    2.170624840842    1.700493047131    1.349980163972    1.258910104877    1.399905351649    1.735492648322
    2.145589463611    1.575209664843    1.303842261350    1.277541791959    1.470861495770    1.899049245345
    1.982598636703    1.469914532048    1.270870095879    1.310091465040    1.548360046960    2.069624950803
    1.818260074744
    0.000000000000    0.681077542703    0.437443961553   -0.076869715055   -0.533494999068   -0.613782251130
    0.347823722564    0.658292204855    0.311339160418   -0.222448801844   -0.607177767677   -0.487033462305
    0.576544138182    0.600754141869    0.175622667530   -0.350115590308   -0.648724193399   -0.265266850049
    0.663224509984    0.524186315201    0.045044206050   -0.453195797186   -0.653912704644    0.040166279795
    0.680669918890    0.423971665428   -0.094006313692   -0.543449335129   -0.603839924545    0.384236085170
    0.653011963289    0.295428940539   -0.238730104792   -0.613839936815   -0.466113271319    0.592104670957
    0.592768277161    0.160415090222   -0.363016171171   -0.651284557840   -0.234215317958    0.667889452336
    0.514168262708    0.029839897802   -0.464072818652   -0.651643543305    0.079801272155    0.679663006149
    0.410496171223   -0.110730701555   -0.552847809055   -0.592933662596    0.417353029554    0.647396298411
    0.279800785300   -0.254342893192   -0.619888075370   -0.444282492135    0.605683488203    0.584680938252
    0.145504616616   -0.375434206373   -0.653333959791   -0.202333092566    0.671731423603    0.503863770559
    0.014521031879   -0.474794480108   -0.648600491414    0.120231153754    0.678043684443    0.396538443914
   -0.127645533907   -0.562026889598   -0.580629312905    0.448333604603    0.641263451139    0.263878347865
   -0.269894267395   -0.625576722782   -0.420627416241    0.617985771600    0.576156947036    0.130234106973
   -0.387918385027   -0.654948546494   -0.168241370777    0.674951261920    0.492783496110   -0.001583978525
   -0.485810201414   -0.644550924791    0.162833381965    0.675734760247    0.381582596755   -0.145323306216
   -0.571247528160   -0.566373933333    0.477961151788    0.634430704334    0.247203992728   -0.285811059754
   -0.631022221631   -0.394366535800    0.629335539497    0.566937294417    0.114207532735   -0.400760816204
   -0.656090836612   -0.131132150414    0.677567750675    0.480668868969   -0.018774050557   -0.497257327706
   -0.639264437182    0.207765798853    0.672647901748    0.365486562831   -0.163825613904   -0.580507516186
   -0.549951968769    0.505937684875    0.626885147717    0.229848488167   -0.301989291897   -0.636144819990
   -0.365467500019    0.639621882693    0.557046703855    0.097510954337   -0.413853613308   -0.656657263789
   -0.091267204944    0.679502657799    0.467604273217   -0.036849457025   -0.508928803599   -0.632622832389
    0.253705435286    0.668793471838    0.348553442166   -0.182733875897   -0.589560853079   -0.531525487317
    0.531540340201    0.618827707219    0.212256652752   -0.317993358178   -0.640802258307   -0.334631969043
    0.648594639905
