   0.0000000000000000                5         151
           1
    2.161100000000    1.628678070115    1.341729781774    1.309124430974    1.570319957081    2.136893268833
    1.704200806654    1.374060724145    1.291996564931    1.497699028514    2.042999253991    1.804686366587
    1.417043635997    1.286017845464    1.439562514566    1.928265258294    1.915376147554    1.463650262153
    1.290189148574    1.398260981413    1.830326498684    2.014363186630    1.508061637548    1.299815367483
    1.368446594654    1.752016112639    2.092239205849    1.551060433685    1.312527649208    1.343684218155
    1.681470341473    2.147347514318    1.599374516769    1.329921071370    1.320167085950    1.608286422611
    2.158947002686    1.663308351225    1.356383324145    1.299411022508    1.532789608061    2.096087193683
    1.751820782543    1.394588226030    1.287496793745    1.466345820813    1.984902745671    1.860328456986
    1.440442860117    1.287135674420    1.417045237954    1.876378722248    1.967329500191    1.486275367167
    1.294565803135    1.382340331339    1.789309146904    2.056031607864    1.529449149043    1.305777254793
    1.355778536595    1.716568542770    2.123192415052    1.573977486793    1.320403906759    1.331807034820
    1.645471042487    2.161111786643    1.628721100924    1.341747946499    1.309101204986    1.570240596171
    2.136827061063    1.704298378088    1.374104253111    1.291976766026    1.497602527773    2.042834396735
    1.804849935760    1.417113848351    1.286014354999    1.439475073658    1.928070177180    1.915572950519
    1.463735258011    1.290201169903    1.398187732141    1.830141844651    2.014556823026    1.508156603155
    1.299838659614    1.368377700051    1.751827340822    2.092419695150    1.551179952210    1.312566010260
    1.343610337629    1.681252079780    2.147472450688    1.599545140946    1.329987743853    1.320088511032
    1.608029482349    2.158867196201    1.663567179201    1.356494458924    1.299348352508    1.532528016455
    2.095740710633    1.752185323545    1.394745382102    1.287472948973    1.466125969154    1.984461913855
    1.860754392400    1.440622055768    1.287151223447    1.416883071045    1.875990096870    1.967726948590
    1.486453818780    1.294603573451    1.382213882163    1.788975612723    2.056368341251    1.529634758531
    1.305831608659    1.355666956761    1.716251087674    2.123447773019    1.574195710024    1.320482555080
    1.331697765804    1.645132887010    2.161173841639    1.629015007945    1.341869495978    1.309004051810
    1.569888612043    2.136528092229    1.704709116599    1.374282511170    1.291920394826    1.497289551006
    2.042301594501    1.805363301268    1.417330285413    1.286014227869    1.439246510786    1.927562964544
    1.916073332267
    0.000000000000   -0.602504121658   -0.304457488563    0.244826959812    0.620910795248    0.213045083369
   -0.598870770143   -0.386251986246    0.148139823850    0.584429526892    0.417324547605   -0.559927722544
   -0.460392593964    0.045604003337    0.530553818779    0.543207859299   -0.480136518979   -0.515501203835
   -0.046487126276    0.471632692063    0.602512489260   -0.371464199238   -0.552412368916   -0.123592914745
    0.414509226606    0.627760699176   -0.244133505895   -0.578054004806   -0.192960506864    0.355953104533
    0.636301412748   -0.091293119265   -0.596710931979   -0.265229414225    0.286436755470    0.630726011019
    0.102564218098   -0.604006334985   -0.345360154608    0.198245518198    0.605419542881    0.322423886825
   -0.584659063834   -0.425294611165    0.096383816887    0.558875879086    0.490839522696   -0.524584214836
   -0.490561061107   -0.002427287723    0.501034132754    0.578905311211   -0.428427760564   -0.535841462250
   -0.086675679216    0.442800861732    0.617931518901   -0.310033147919   -0.566244427184   -0.158589082385
    0.385901969379    0.633664815298   -0.171909834094   -0.588275337976   -0.228194214787    0.323188560992
    0.635548559257    0.000122808089   -0.602516989638   -0.304528051618    0.244747287443    0.620890519184
    0.213285800503   -0.598856782589   -0.386355296522    0.148006346771    0.584369062999    0.417576185538
   -0.559841700228   -0.460499808623    0.045440616378    0.530457407370    0.543366590982   -0.479963132261
   -0.515590576700   -0.046653412770    0.471516716178    0.602597415220   -0.371210355802   -0.552486045338
   -0.123764476029    0.414371943173    0.627805889124   -0.243770162863   -0.578120236325   -0.193161247707
    0.355770976211    0.636312020454   -0.090760058647   -0.596762188516   -0.265480286263    0.286178350440
    0.630680861570    0.103300655959   -0.603999096690   -0.345649533077    0.197903198977    0.605291201946
    0.323170636989   -0.584522487985   -0.425570102265    0.096001365198    0.558673947906    0.491314027528
   -0.524279601034   -0.490775171336   -0.002786289377    0.500803240120    0.579136449809   -0.427994057531
   -0.535993766327   -0.086993852056    0.442563579626    0.618040096031   -0.309485149604   -0.566357861670
   -0.158894696273    0.385643169899    0.633705243964   -0.171218169231   -0.588362338230   -0.228524913595
    0.322870540542    0.635524747610    0.001021049462   -0.602553936072   -0.304900460995    0.244337983015
    0.620773615628    0.214322890533   -0.598771157225   -0.386730837769    0.147527539783    0.584149480653
    0.418369146245   -0.559557569531   -0.460805225612    0.044977243953    0.530184982280    0.543766539722
   -0.479512212145
           2
    2.166650000000    1.633587013894    1.344864584956    1.292983338198    1.518847600359    2.075729783581
    1.781045814033    1.409656431490    1.279080864713    1.420526882198    1.882451774546    1.971190969217
    1.491148026901    1.291792166975    1.354930699247    1.715054259139    2.134399348713    1.584187837514
    1.323886283716    1.308040949287    1.574231213270    2.141571334299    1.708542265536    1.378033291316
    1.281510809296    1.459195307315    1.968236318553    1.885296035703    1.453967725744    1.283470122339
    1.380689740017    1.783953198690    2.072432296353    1.541282101589    1.307464850922    1.326809930602
    1.633917385476    2.167823850987    1.647867907190    1.351128675848    1.289854509240    1.505425096534
    2.054568445546    1.801822053019    1.418566819379    1.279356598410    1.411473280793    1.860917059025
    1.993409040782    1.501242552688    1.294589430526    1.348741956641    1.697773180540    2.146481762710
    1.596357406339    1.328907810326    1.303687554216    1.559247367594    2.127418056463    1.726327350711
    1.385885254949    1.280317157272    1.448407073390    1.945384156475    1.907729703036    1.463527170710
    1.285275179595    1.373559420964    1.765279132078    2.090691969444    1.552140683404    1.311404677512
    1.321561336493    1.617862046421    2.165580546584    1.662794222249    1.357738667270    1.287087285468
    1.492503219083    2.032431887497    1.823217026141    1.427686904920    1.279980324556    1.402820895279
    1.839836761183    2.015259597013    1.511552155263    1.297635268827    1.342691106931    1.680624098162
    2.156257482048    1.609114332478    1.334271542137    1.299588179678    1.544468231430    2.110705948222
    1.745107914259    1.394119158895    1.279517766265    1.438044542423    1.922610668457    1.930442904400
    1.473274893242    1.287367136283    1.366685706474    1.746998885718    2.107699294246    1.563286717305
    1.315613343273    1.316526271431    1.602037173693    2.159902261231    1.678445819636    1.364702785541
    1.284728811774    1.480106890735    2.009714484522    1.845082064037    1.436950554797    1.280947553476
    1.394572373738    1.819334376810    2.036484833832    1.522019159285    1.300938932153    1.336842522047
    1.663757768163    2.163241643439    1.622380430008    1.339977567040    1.295805382064    1.530157201876
    2.092057472029    1.764612975999    1.402573351484    1.279121714505    1.428211398401    1.900318669654
    1.952957417302    1.483066014274    1.289698132978    1.360121630061    1.729286782766    2.123070502913
    1.574632850282    1.320037578961    1.311772858418    1.586633760413    2.151044214430    1.694678523450
    1.371900315322
    0.000000000000   -0.615850923093   -0.338274673171    0.202831475626    0.609622318711    0.373721884192
   -0.581233467168   -0.466479269393    0.034566044254    0.522918612950    0.584796117915   -0.433989935573
   -0.556410033871   -0.126080683087    0.409050141068    0.645170604603   -0.158267142122   -0.607041699673
   -0.274586374369    0.272678673391    0.633258782390    0.214608008908   -0.608274133463   -0.413413086195
    0.109666415652    0.565986465210    0.517102015927   -0.514660554971   -0.522079308201   -0.057422986806
    0.461464374888    0.630373044837   -0.294792334109   -0.589376878188   -0.210144223294    0.336101364387
    0.645645606758    0.043862791774   -0.616240451424   -0.354505065436    0.183779306799    0.601701541068
    0.409475908244   -0.570494690414   -0.479168383501    0.015042984340    0.510674527361    0.597389967015
   -0.408476619167   -0.564186801309   -0.143725732378    0.394578590773    0.646813262769   -0.118743694497
   -0.610325941409   -0.291366544037    0.255000669146    0.628151315019    0.258634524007   -0.603249417900
   -0.427929560705    0.090043837569    0.555363626645    0.538190895260   -0.496049489725   -0.531839285325
   -0.075696078460    0.448089422106    0.635712000320   -0.261192034291   -0.594756067947   -0.227180584935
    0.320002492573    0.643467140032    0.088391777819   -0.615691167708   -0.370482852320    0.164487599847
    0.593130095886    0.442180906059   -0.558122060908   -0.491306602585   -0.004373916589    0.498071171592
    0.608248281430   -0.381013001218   -0.571508363863   -0.161368381113    0.379687909288    0.647635779158
   -0.077527826274   -0.612982162629   -0.308212709172    0.236743642873    0.622230731628    0.301651175731
   -0.596765654286   -0.442126938031    0.070224151904    0.544169694533    0.556886599369   -0.475533688648
   -0.541094973610   -0.093848992551    0.434408117913    0.639969237529   -0.225840387545   -0.599624390009
   -0.244170155694    0.303483538581    0.640518704913    0.133467717868   -0.614092427225   -0.386156836947
    0.145004606955    0.583933305786    0.471721239574   -0.544094523732   -0.502857395198   -0.023568424374
    0.485208451377    0.617459101982   -0.351753651643   -0.578336030539   -0.178875444513    0.364464349296
    0.647632966042   -0.035177894105   -0.614886975522   -0.324869463894    0.218173429873    0.615572278750
    0.342427607304   -0.588825275620   -0.455749909510    0.050543550829    0.532610977233    0.573126565006
   -0.453376037666   -0.549727049557   -0.111658812147    0.420568823087    0.643198869534   -0.189282477722
   -0.603931571941   -0.260919278409    0.286716417058    0.636832074884    0.178219124709   -0.611383886006
   -0.401297262978
           3
    2.172200000000    1.638571678538    1.348808013087    1.278740703144    1.471461671522    1.990750118443
    1.872535604409    1.451957063868    1.278402289062    1.358039959449    1.723344187079    2.137575832984
    1.587386186860    1.325737726160    1.290418913389    1.520612533475    2.077289830005    1.788480414821
    1.416019437935    1.272722538652    1.387185545309    1.798876270283    2.067945305452    1.541285231516
    1.306482532492    1.307525478957    1.578519297754    2.146578822883    1.712834821923    1.382618733476
    1.272134291488    1.422184788874    1.883832229948    1.979876164629    1.498357983411    1.291038794162
    1.328689845928    1.642171808255    2.173323746189    1.649529540886    1.353831847103    1.277120672154
    1.462796171227    1.973241300760    1.889675449020    1.459232644360    1.280035251683    1.352897003622
    1.709555844976    2.147659762014    1.596872992475    1.329935955756    1.287677954692    1.510278737932
    2.061063055196    1.804434602715    1.422895737060    1.273461567124    1.381018382666    1.783257203359
    2.083582774935    1.550094444473    1.309975713463    1.303787103160    1.566531430069    2.135489572280
    1.726828142975    1.388877718531    1.271808805727    1.414826164666    1.866532741793    1.997863751911
    1.506537639410    1.293746808364    1.324263703437    1.629316980289    2.172342381388    1.661039995603
    1.359097721910    1.275698299446    1.454312010699    1.955520318135    1.907155628711    1.466664392315
    1.281851476432    1.347869305265    1.695924637479    2.156341939524    1.606629865975    1.334308530721
    1.285157528541    1.500276895929    2.044306669030    1.820699592354    1.429866802637    1.274394213707
    1.375085048578    1.768068337944    2.098373953385    1.558995215425    1.313612959002    1.300222434063
    1.554851188936    2.122971878157    1.741227626407    1.395279578448    1.271710507802    1.407741710172
    1.849601902885    2.015491121313    1.514787401029    1.296591057002    1.320016320750    1.616745486255
    2.169243312663    1.672858649132    1.364482576674    1.274501800918    1.446172539417    1.938040439995
    1.924592806531    1.474128204973    1.283820494332    1.343037218056    1.682644544675    2.163314707771
    1.616534683860    1.338776970910    1.282882132338    1.490714014358    2.027394365709    1.837059782282
    1.436858153100    1.275490904485    1.369409483649    1.753366644962    2.112091059572    1.567956397677
    1.317370234997    1.296855311381    1.543507041103    2.109293259029    1.756008838398    1.401821791838
    1.271816229231    1.400871826393    1.832912957024    2.032904292232    1.523194001064    1.299602878091
    1.315848096163
    0.000000000000   -0.629124482342   -0.372382849168    0.158182417830    0.591119557965    0.503427585687
   -0.533891563233   -0.537015254359   -0.083803859054    0.438918749620    0.654863906361   -0.166556832774
   -0.622576110547   -0.309591769527    0.230925154524    0.623181687900    0.382299257094   -0.587374387378
   -0.493620210409   -0.009301294667    0.492675377409    0.635503299645   -0.314155215212   -0.605005298313
   -0.241402067507    0.301964971378    0.646060689321    0.215716920619   -0.618064115913   -0.441614196538
    0.068041337032    0.541997726286    0.593560069278   -0.434101317888   -0.578463336145   -0.169939728854
    0.368354967957    0.657654860663    0.034299610380   -0.628900877909   -0.384082486063    0.143757978868
    0.583899360220    0.521740076828   -0.520514034791   -0.544508374395   -0.098002609579    0.427934228212
    0.656665889454   -0.135311333289   -0.624800656779   -0.322310574981    0.216795014397    0.617562182188
    0.409924362242   -0.578760858838   -0.502844897656   -0.024220101651    0.482406787320    0.640843039981
   -0.286990573878   -0.609239172805   -0.255197657414    0.288223995322    0.642389123774    0.251012844886
   -0.613728122336   -0.452420117032    0.052788818062    0.532783462201    0.603967615123   -0.413118926690
   -0.584314525693   -0.184104585338    0.355788423814    0.656337964468    0.069556283658   -0.628096802459
   -0.395753409691    0.129074642057    0.576288280837    0.538673397253   -0.505936185555   -0.551768740270
   -0.112234096121    0.416681336189    0.657910921980   -0.103193899744   -0.626589797974   -0.334861584764
    0.202563661952    0.611597565378    0.435658801657   -0.569234307522   -0.511710756898   -0.038988041520
    0.472003738742    0.645357431319   -0.258910269833   -0.613085439026   -0.268780690687    0.274386359742
    0.638312599897    0.285256601521   -0.608599455616   -0.462908590178    0.037604240902    0.523355424329
    0.613189151561   -0.390997658669   -0.589820801851   -0.198107488321    0.343091935292    0.654549780326
    0.104811613123   -0.626697279632   -0.407131489158    0.114451141018    0.568462933871    0.553977652781
   -0.490409855816   -0.558662908510   -0.126256037139    0.405350559760    0.658624387658   -0.070784114215
   -0.627905809606   -0.347078196275    0.188423095463    0.605365668839    0.459248432338   -0.558905425235
   -0.520171963762   -0.053489715660    0.461556342565    0.649106658974   -0.230119101218   -0.616547983489
   -0.282101705093    0.260507951969    0.633850611980    0.318121035658   -0.602674643046   -0.473107788414
    0.022440350370    0.513693922515    0.621397093342   -0.367530905168   -0.595057262478   -0.212137271651
    0.330084885551
           4
    2.177750000000    1.643639863911    1.353612694250    1.266451314587    1.427856869360    1.894194647084
    1.979490071447    1.501814876210    1.290342536576    1.306392849759    1.579564666286    2.148821440503
    1.721308134275    1.389801233407    1.264040302847    1.384311744676    1.789595201600    2.088056270197
    1.555357118811    1.312391017317    1.284319803072    1.508508090471    2.056526793275    1.817930421760
    1.432356281631    1.269802360714    1.348809032325    1.698249426612    2.163431476029    1.613882181298
    1.339482779219    1.270230417235    1.450540022295    1.944745409553    1.927599483102    1.479140078207
    1.282435301517    1.318544738852    1.615110009687    2.172284814044    1.683755997908    1.372527159902
    1.264084217877    1.402957542665    1.835404001821    2.041148856307    1.530547326490    1.301688891108
    1.293377259586    1.539150105891    2.103002254784    1.772076708542    1.412446187231    1.266267466329
    1.364084082100    1.738255084684    2.135313673721    1.586488161923    1.326594547729    1.275621689842
    1.475267918930    1.995897059392    1.876766230321    1.457433504143    1.275905872718    1.331707821690
    1.652032943499    2.178649600548    1.650117601800    1.356684172129    1.265876278765    1.423429160086
    1.883980352785    1.990163073244    1.506598695591    1.292140832529    1.304028220684    1.572457388440
    2.142161961018    1.729550482033    1.393538196418    1.264247425533    1.380703818000    1.780554405629
    2.096953814616    1.560562477652    1.314706212377    1.282658522587    1.502539979078    2.046387042182
    1.827753973633    1.436570565488    1.270707517065    1.345779879780    1.690183597590    2.167650574756
    1.619816010328    1.342305657650    1.269316553393    1.445677335599    1.934180598657    1.938313294923
    1.483763337950    1.283965923767    1.315927758138    1.607597348063    2.168728277298    1.691227134310
    1.375993800094    1.263928141874    1.398922469689    1.825613018063    2.051349719195    1.535649035932
    1.303829400864    1.291348347358    1.532534513391    2.093789017936    1.781374052773    1.416518023584
    1.266884268134    1.360796718531    1.729754996946    2.142144604704    1.592050380531    1.329189383416
    1.274364772270    1.469919761104    1.985231051534    1.887239313563    1.461884192842    1.277159729280
    1.328898377680    1.644238937305    2.178804922086    1.656826941640    1.359863407468    1.265366576849
    1.419021051337    1.873700307027    2.000950614598    1.511495014863    1.294025441181    1.301687344810
    1.565333980472    2.134880686517    1.738088319880    1.397384850302    1.264530257715    1.377117375855
    1.771506124743
    0.000000000000   -0.642341866957   -0.406876253496    0.110702375276    0.565853117504    0.596738475886
   -0.444539370159   -0.597914036032   -0.208452642379    0.329023538898    0.658523467542    0.227105655657
   -0.627039188689   -0.474446886079    0.017876913506    0.508546913063    0.649355786258   -0.291348397834
   -0.627575339162   -0.295850482804    0.241177218822    0.629781472271    0.428028608861   -0.580724801966
   -0.532698944597   -0.075293661060    0.442055640376    0.668629795589   -0.097505728461   -0.641676060256
   -0.374004254890    0.151824843243    0.588284297598    0.557980086880   -0.497199280989   -0.580090805788
   -0.167236377403    0.366537147306    0.665961235239    0.123322573897   -0.637272398949   -0.444771580086
    0.060203023350    0.535777946214    0.630543183737   -0.366841901152   -0.615953383445   -0.257211130978
    0.281451276005    0.644690626063    0.344856551558   -0.605980900874   -0.507639228155   -0.033223802512
    0.473235636104    0.663081952699   -0.189331730873   -0.637306691203   -0.339700181118    0.192398240331
    0.608442597200    0.507593134374   -0.540128825729   -0.559959036433   -0.125713159327    0.401980217640
    0.669563680547    0.020639126367   -0.641967892595   -0.413475716996    0.102166367646    0.560965118658
    0.603437371023   -0.432418031219   -0.601266315471   -0.216860290789    0.321066820945    0.656528211565
    0.248073716787   -0.624155611338   -0.480319149787    0.009155729258    0.502706577969    0.652327622836
   -0.274735776806   -0.629570700623   -0.303552236727    0.232850424983    0.626384140811    0.443226087863
   -0.574596425012   -0.537601300194   -0.083953429785    0.435391571275    0.669221100899   -0.077778538259
   -0.642139564609   -0.380920679545    0.143360082131    0.583829665729    0.566911671295   -0.487120043967
   -0.583986495185   -0.175829571378    0.358916043484    0.664733527178    0.144965357511   -0.635635794849
   -0.451087990571    0.051412070942    0.530273194784    0.635100501110   -0.351886197635   -0.618631364318
   -0.265423528212    0.273092963720    0.641819371191    0.363452671817   -0.601315596161   -0.513053228232
   -0.042016838464    0.466880339942    0.664630702835   -0.170691970152   -0.638501609296   -0.346989962514
    0.183962275496    0.604422863911    0.519172669430   -0.531914534444   -0.564341034213   -0.134385738951
    0.394763289362    0.669131296585    0.041746100050   -0.641394012352   -0.420108926601    0.093483944437
    0.555910364619    0.609816663683   -0.419658598649   -0.604556008040   -0.225351752675    0.312926636641
    0.654347208312    0.269049575254   -0.620943579492   -0.486185832181    0.000308572609    0.496703962567
    0.655063657267
           5
    2.183300000000    1.648782320591    1.359269839986    1.256232806396    1.388052477165    1.796377229990
    2.091956041295    1.560472008812    1.315889217210    1.267519197561    1.456791115743    1.955311587432
    1.926476414078    1.482569277600    1.281786045562    1.297601429967    1.556976115651    2.125481043088
    1.757880525265    1.409965603279    1.260662095555    1.342317388656    1.680515728984    2.179342220226
    1.636238690020    1.353144479572    1.256706855976    1.395453500872    1.814457223850    2.073554082152
    1.550419509094    1.311067786236    1.270275362838    1.467649275950    1.977977132126    1.903651136487
    1.472819974610    1.278233986368    1.302782675663    1.572135765047    2.142473482489    1.739125511876
    1.401546301886    1.259174202542    1.348701727376    1.697182650246    2.172328524562    1.623782316071
    1.347017975861    1.257470222745    1.403408229017    1.833705057286    2.053536752132    1.540140355640
    1.306239087814    1.273420774909    1.479317947956    2.001358823993    1.880499301082    1.462968335454
    1.274835289524    1.308222880663    1.587783698333    2.157171233905    1.721169997296    1.393397795306
    1.257961880177    1.355219261476    1.713982702833    2.162729526447    1.611865494961    1.341143895927
    1.258505428958    1.411662844706    1.853409804216    2.032773070264    1.530024997395    1.301610375100
    1.276836568436    1.491386732491    2.024342135893    1.858028995747    1.453404815508    1.271749531174
    1.313720752239    1.603263820907    2.168695811575    1.704662583929    1.385804815878    1.257060346503
    1.361614219698    1.730308303014    2.151368634975    1.600830661264    1.335702785715    1.259772527152
    1.419944102435    1.872876750977    2.012213126047    1.520388895824    1.297296502966    1.280387689442
    1.503446373441    2.046048454411    1.836955752556    1.444419032006    1.269040992902    1.319092759303
    1.618164437969    2.176833001927    1.689813223041    1.378871763188    1.256461405187    1.367781006907
    1.745944382443    2.138923941421    1.590705819089    1.330692934317    1.261222731067    1.428153308781
    1.891857057820    1.992168149509    1.511286814466    1.293341893131    1.284059545886    1.515413352797
    2.066253369013    1.817325077562    1.436004088190    1.266677220490    1.324337437167    1.632553239638
    2.181880184836    1.676323684001    1.372493100988    1.256125372877    1.373844274945    1.761185549907
    2.125660003697    1.581205199718    1.325998841225    1.262862713966    1.436460126370    1.910721223214
    1.972399406530    1.502491771310    1.289658483455    1.287891859396    1.527524901619    2.085293852284
    1.798678244525
    0.000000000000   -0.655508689652   -0.441722902857    0.060729675167    0.534296078537    0.657439318305
   -0.296537811356   -0.645546269048   -0.336234291402    0.191674321717    0.608873679968    0.558153139207
   -0.507572734569   -0.599684830958   -0.205043848109    0.327925087956    0.663302919196    0.307252509900
   -0.622923465735   -0.522730561960   -0.058973251153    0.451153062202    0.680815161564   -0.041334284984
   -0.656446612338   -0.429415881765    0.077190842027    0.544645574893    0.650228611336   -0.328251821870
   -0.641659214156   -0.321132801622    0.208757942373    0.617173765641    0.536282106887   -0.527661851062
   -0.591305758581   -0.186486246595    0.345134160293    0.667940198779    0.262769199821   -0.631140537698
   -0.511237590165   -0.040492129290    0.464931487521    0.679792755415   -0.083153807660   -0.656689185444
   -0.416431510205    0.094181748487    0.555042045120    0.641490008913   -0.359537677131   -0.637095634018
   -0.305147196143    0.226412491024    0.625343601516    0.511136262637   -0.546504513020   -0.582285591609
   -0.167472354684    0.362261501148    0.671956952477    0.216589188515   -0.638090624578   -0.499492884931
   -0.022190824993    0.478225498485    0.677994144692   -0.123676766904   -0.656243673300   -0.403254060046
    0.111057382923    0.565093035819    0.631386650397   -0.389044110581   -0.632022407306   -0.288875956149
    0.243949422089    0.633047188807    0.483408585297   -0.563429044512   -0.573003099063   -0.148773291582
    0.378616228192    0.675211339763    0.171190722834   -0.643650737081   -0.487949522396   -0.004759444909
    0.490568007322    0.675495686983   -0.161439575797   -0.655204197875   -0.390324257815    0.127257134057
    0.574465703592    0.620208639255   -0.415864050683   -0.626626594009   -0.272876366099    0.260784276882
    0.640028387071    0.454038954836   -0.578095230992   -0.563767818008   -0.130926718473    0.393791489373
    0.677662120866    0.128122699997   -0.647918341719   -0.476858306100    0.011533001335    0.501827062550
    0.672392792886   -0.196036802474   -0.653674463552   -0.377794949469    0.142639334854    0.583099841038
    0.608109354106   -0.439944524275   -0.620988024554   -0.257280778731    0.276821204576    0.646277663576
    0.423342176318   -0.590730930640   -0.554591898124   -0.113897380884    0.407908211373    0.679406552828
    0.087350300021   -0.651134736289   -0.466105582894    0.026959561730    0.512246471695    0.668678849068
   -0.228245114205   -0.651715630009   -0.365412511082    0.157557699939    0.591237355359    0.594842811485
   -0.462015117896   -0.615043505026   -0.241768015335    0.292416024875    0.651963576322    0.390836099053
   -0.601825365121
