   0.0000000000000000                3          26
           1
  0.590000000000E+01  0.590689786959E+01  0.592473446396E+01  0.593799309166E+01  0.593096808667E+01  0.591229948511E+01
  0.590082884053E+01  0.590295850451E+01  0.591798224383E+01  0.593527635620E+01  0.593570408990E+01  0.591873347492E+01
  0.590331965196E+01  0.590065353143E+01  0.591163301546E+01  0.593032734589E+01  0.593813257953E+01  0.592547631854E+01
  0.590743517715E+01  0.590001037232E+01  0.590637918515E+01  0.592398621375E+01  0.593781905554E+01  0.593158985799E+01
  0.591297917670E+01  0.590102499536E+01
  0.000000000000E+00  0.633949901992E-01  0.694723442495E-01  0.129231024350E-01 -0.553050704710E-01 -0.736374759620E-01
 -0.255208320144E-01  0.457578363964E-01  0.755729523987E-01  0.372588368949E-01 -0.347019219930E-01 -0.753214917621E-01
 -0.480424694344E-01  0.227600718442E-01  0.729033543382E-01  0.572482665767E-01 -0.100496283078E-01 -0.682649537139E-01
 -0.649384897129E-01 -0.291319586450E-02  0.617578807944E-01  0.705775387374E-01  0.157772262295E-01 -0.532806429509E-01
 -0.742634340599E-01 -0.282436292126E-01
           2
  0.592500000000E+01  0.592217479487E+01  0.591655613292E+01  0.591327905718E+01  0.591493632379E+01  0.592025833086E+01
  0.592462584195E+01  0.592373073302E+01  0.591848925810E+01  0.591391284586E+01  0.591379576583E+01  0.591822676864E+01
  0.592355637492E+01  0.592471618316E+01  0.592051999878E+01  0.591512325597E+01  0.591324257375E+01  0.591632316842E+01
  0.592194039642E+01  0.592499356799E+01  0.592240304317E+01  0.591679451605E+01  0.591332639098E+01  0.591475759625E+01
  0.591999468517E+01  0.592452354203E+01
  0.000000000000E+00 -0.194933009248E-01 -0.214076194565E-01 -0.400414320335E-02  0.170155908277E-01  0.226753810403E-01
  0.788418954111E-02 -0.140166724257E-01 -0.232777570883E-01 -0.115402496733E-01  0.106175445773E-01  0.231879912667E-01
  0.148401483260E-01 -0.688995754166E-02 -0.224068446667E-01 -0.177152925504E-01  0.296719798047E-02  0.209699883233E-01
  0.200491178173E-01  0.104795653493E-02 -0.188981749039E-01 -0.218021498265E-01 -0.503321705459E-02  0.162812805628E-01
  0.228980368180E-01  0.886249103700E-02
           3
  0.595000000000E+01  0.593176331147E+01  0.590162183464E+01  0.588884863540E+01  0.589488090398E+01  0.592068506774E+01
  0.594756870856E+01  0.594143349283E+01  0.591077118914E+01  0.589092220255E+01  0.589067852155E+01  0.590997602448E+01
  0.594076536692E+01  0.594793141917E+01  0.592156632038E+01  0.589531847719E+01  0.588877533261E+01  0.590099787175E+01
  0.593091691821E+01  0.594998463417E+01  0.593260097860E+01  0.590226111746E+01  0.588893467137E+01  0.589445928987E+01
  0.591980631224E+01  0.594717838104E+01
  0.000000000000E+00 -0.101371438452E+00 -0.111257827805E+00 -0.205599990226E-01  0.889539894642E-01  0.117658861208E+00
  0.403772713388E-01 -0.735530626495E-01 -0.120894248055E+00 -0.592800739881E-01  0.564240551290E-01  0.120627660264E+00
  0.760995268641E-01 -0.373054020619E-01 -0.116844107716E+00 -0.911232511522E-01  0.173441321784E-01  0.109936707421E+00
  0.103105877787E+00  0.324477349716E-02 -0.995647349719E-01 -0.112499681823E+00 -0.237610204287E-01  0.867203581869E-01
  0.118390043077E+00  0.434199018280E-01
