   0.0000000000000000                3          26
           1
  0.590000000000E+01  0.590689789560E+01  0.592473449897E+01  0.593799309889E+01  0.593096805730E+01  0.591229945258E+01
  0.590082883111E+01  0.590295852210E+01  0.591798227948E+01  0.593527637663E+01  0.593570407081E+01  0.591873343911E+01
  0.590331963337E+01  0.590065353980E+01  0.591163304739E+01  0.593032737613E+01  0.593813257391E+01  0.592547628392E+01
  0.590743515030E+01  0.590001037126E+01  0.590637921028E+01  0.592398624907E+01  0.593781906435E+01  0.593158982956E+01
  0.591297914361E+01  0.590102498489E+01
  0.000000000000E+00 -0.633949374357E-01 -0.694721804979E-01 -0.129228687703E-01  0.553052680223E-01  0.736375652733E-01
  0.255208388422E-01 -0.457578127249E-01 -0.755728276735E-01 -0.372586169770E-01  0.347021440746E-01  0.753216209748E-01
  0.480424958761E-01 -0.227600664417E-01 -0.729032693461E-01 -0.572480724338E-01  0.100498626694E-01  0.682651215873E-01
  0.649385462726E-01  0.291319597110E-02 -0.617578317485E-01 -0.705773791787E-01 -0.157769934372E-01  0.532808437795E-01
  0.742635277707E-01  0.282436376089E-01
           2
  0.592500000000E+01  0.592217481938E+01  0.591655615776E+01  0.591327906158E+01  0.591493630456E+01  0.592025830307E+01
  0.592462583173E+01  0.592373075100E+01  0.591848928591E+01  0.591391285868E+01  0.591379575406E+01  0.591822674105E+01
  0.592355635593E+01  0.592471619210E+01  0.592052002633E+01  0.591512327606E+01  0.591324257049E+01  0.591632314418E+01
  0.592194037129E+01  0.592499356663E+01  0.592240306700E+01  0.591679454144E+01  0.591332639652E+01  0.591475757790E+01
  0.591999465721E+01  0.592452353055E+01
  0.000000000000E+00  0.194933537406E-01  0.214077832048E-01  0.400437606408E-02 -0.170153933788E-01 -0.226752913583E-01
 -0.788418263160E-02  0.140166959453E-01  0.232778816865E-01  0.115404688733E-01 -0.106173228842E-01 -0.231878614191E-01
 -0.148401215500E-01  0.688996278672E-02  0.224069292760E-01  0.177154860459E-01 -0.296696433125E-02 -0.209698197791E-01
 -0.200490605365E-01 -0.104795639829E-02  0.188982233678E-01  0.218023086842E-01  0.503344888997E-02 -0.162810793399E-01
 -0.228979419699E-01 -0.886248225640E-02
           3
  0.595000000000E+01  0.593176333532E+01  0.590162184955E+01  0.588884863670E+01  0.589488089499E+01  0.592068504379E+01
  0.594756869751E+01  0.594143351193E+01  0.591077120975E+01  0.589092220714E+01  0.589067851725E+01  0.590997600426E+01
  0.594076534729E+01  0.594793142942E+01  0.592156634448E+01  0.589531848662E+01  0.588877533152E+01  0.590099785733E+01
  0.593091689419E+01  0.594998463326E+01  0.593260100224E+01  0.590226113286E+01  0.588893467290E+01  0.589445928131E+01
  0.591980628846E+01  0.594717836918E+01
  0.000000000000E+00  0.101371490662E+00  0.111257991259E+00  0.205602353390E-01 -0.889537914939E-01 -0.117658773183E+00
 -0.403772647246E-01  0.735530863573E-01  0.120894372405E+00  0.592802959927E-01 -0.564238315359E-01 -0.120627532772E+00
 -0.760995012511E-01  0.373054076888E-01  0.116844192752E+00  0.911234466495E-01 -0.173438953310E-01 -0.109936541020E+00
 -0.103105822974E+00 -0.324477343946E-02  0.995647846056E-01  0.112499842303E+00  0.237612561208E-01 -0.867201578200E-01
 -0.118389952002E+00 -0.434198941617E-01
