   0.0000000000000000                3          26
           1
  0.590000000000E+01  0.590689790280E+01  0.592473452063E+01  0.593799309953E+01  0.593096802359E+01  0.591229943546E+01
  0.590082885492E+01  0.590295857952E+01  0.591798232171E+01  0.593527634348E+01  0.593570401018E+01  0.591873344095E+01
  0.590331969633E+01  0.590065360411E+01  0.591163306052E+01  0.593032732600E+01  0.593813253247E+01  0.592547631253E+01
  0.590743520097E+01  0.590001039322E+01  0.590637920196E+01  0.592398622674E+01  0.593781906364E+01  0.593158983945E+01
  0.591297914072E+01  0.590102498383E+01
  0.000000000000E+00 -0.633949506992E-01 -0.694721393294E-01 -0.129227695934E-01  0.553052966139E-01  0.736374410924E-01
  0.255206759451E-01 -0.457578125128E-01 -0.755726215222E-01 -0.372584304383E-01  0.347020855444E-01  0.753213715660E-01
  0.480423356717E-01 -0.227599479823E-01 -0.729030248296E-01 -0.572479770685E-01  0.100497209760E-01  0.682649277688E-01
  0.649385137868E-01  0.291331206358E-02 -0.617577265814E-01 -0.705773819831E-01 -0.157770450707E-01  0.532808292918E-01
  0.742635234335E-01  0.282435909048E-01
           2
  0.592500000000E+01  0.592217482735E+01  0.591655617560E+01  0.591327906069E+01  0.591493627238E+01  0.592025827570E+01
  0.592462585140E+01  0.592373080891E+01  0.591848931159E+01  0.591391281839E+01  0.591379569196E+01  0.591822672264E+01
  0.592355641118E+01  0.592471625460E+01  0.592052002066E+01  0.591512322072E+01  0.591324252766E+01  0.591632315830E+01
  0.592194041923E+01  0.592499358935E+01  0.592240305172E+01  0.591679451945E+01  0.591332639641E+01  0.591475758598E+01
  0.591999465322E+01  0.592452352779E+01
  0.000000000000E+00  0.194933399482E-01  0.214078238999E-01  0.400447616907E-02 -0.170153667255E-01 -0.226754173698E-01
 -0.788434832184E-02  0.140166961341E-01  0.232780882444E-01  0.115406538351E-01 -0.106173820974E-01 -0.231881115563E-01
 -0.148402810360E-01  0.689007873959E-02  0.224071753262E-01  0.177155842732E-01 -0.296710217945E-02 -0.209700138611E-01
 -0.200490937285E-01 -0.104783961341E-02  0.188983287012E-01  0.218023081372E-01  0.503339827110E-02 -0.162810919650E-01
 -0.228979471904E-01 -0.886253101175E-02
           3
  0.595000000000E+01  0.593176334430E+01  0.590162186343E+01  0.588884863357E+01  0.589488086359E+01  0.592068500681E+01
  0.594756871421E+01  0.594143356990E+01  0.591077121827E+01  0.589092215893E+01  0.589067845302E+01  0.590997596636E+01
  0.594076539737E+01  0.594793149004E+01  0.592156631787E+01  0.589531842386E+01  0.588877528715E+01  0.590099785821E+01
  0.593091694226E+01  0.594998465755E+01  0.593260097756E+01  0.590226110774E+01  0.588893467246E+01  0.589445928905E+01
  0.591980628632E+01  0.594717836640E+01
  0.000000000000E+00  0.101371476642E+00  0.111258032643E+00  0.205603361643E-01 -0.889537707252E-01 -0.117658902223E+00
 -0.403774309395E-01  0.735530910788E-01  0.120894579064E+00  0.592804782293E-01 -0.564238961201E-01 -0.120627785460E+00
 -0.760996574565E-01  0.373055299412E-01  0.116844442735E+00  0.911235425357E-01 -0.173440393997E-01 -0.109936739411E+00
 -0.103105854537E+00 -0.324464529705E-02  0.995648990249E-01  0.112499842495E+00  0.237611947016E-01 -0.867201778283E-01
 -0.118389956327E+00 -0.434199350319E-01
