   0.0000000000000000                3          26
           1
  0.590000000000E+01  0.590689787680E+01  0.592473448563E+01  0.593799309230E+01  0.593096805296E+01  0.591229946800E+01
  0.590082886434E+01  0.590295856193E+01  0.591798228606E+01  0.593527632305E+01  0.593570402928E+01  0.591873347676E+01
  0.590331971491E+01  0.590065359573E+01  0.591163302858E+01  0.593032729576E+01  0.593813253809E+01  0.592547634715E+01
  0.590743522782E+01  0.590001039428E+01  0.590637917683E+01  0.592398619142E+01  0.593781905483E+01  0.593158986788E+01
  0.591297917381E+01  0.590102499430E+01
  0.000000000000E+00  0.633950034627E-01  0.694723030810E-01  0.129230032581E-01 -0.553050990626E-01 -0.736373517811E-01
 -0.255206691173E-01  0.457578361843E-01  0.755727462475E-01  0.372586503562E-01 -0.347018634627E-01 -0.753212423533E-01
 -0.480423092301E-01  0.227599533847E-01  0.729031098218E-01  0.572481712115E-01 -0.100494866143E-01 -0.682647598953E-01
 -0.649384572270E-01 -0.291331195705E-02  0.617577756273E-01  0.705775415417E-01  0.157772778630E-01 -0.532806284632E-01
 -0.742634297226E-01 -0.282435825085E-01
           2
  0.592500000000E+01  0.592217480284E+01  0.591655615076E+01  0.591327905630E+01  0.591493629162E+01  0.592025830348E+01
  0.592462586162E+01  0.592373079093E+01  0.591848928378E+01  0.591391280557E+01  0.591379570373E+01  0.591822675023E+01
  0.592355643017E+01  0.592471624566E+01  0.592051999311E+01  0.591512320063E+01  0.591324253092E+01  0.591632318254E+01
  0.592194044436E+01  0.592499359072E+01  0.592240302789E+01  0.591679449406E+01  0.591332639087E+01  0.591475760433E+01
  0.591999468117E+01  0.592452353927E+01
  0.000000000000E+00 -0.194932871324E-01 -0.214076601516E-01 -0.400424330834E-02  0.170155641744E-01  0.226755070517E-01
  0.788435523133E-02 -0.140166726145E-01 -0.232779636462E-01 -0.115404346351E-01  0.106176037905E-01  0.231882414039E-01
  0.148403078119E-01 -0.689007349455E-02 -0.224070907169E-01 -0.177153907777E-01  0.296733582873E-02  0.209701824052E-01
  0.200491510092E-01  0.104783974999E-02 -0.188982802372E-01 -0.218021492794E-01 -0.503316643565E-02  0.162812931879E-01
  0.228980420384E-01  0.886253979222E-02
           3
  0.595000000000E+01  0.593176332045E+01  0.590162184853E+01  0.588884863226E+01  0.589488087257E+01  0.592068503076E+01
  0.594756872526E+01  0.594143355080E+01  0.591077119765E+01  0.589092215433E+01  0.589067845731E+01  0.590997598658E+01
  0.594076541700E+01  0.594793147979E+01  0.592156629377E+01  0.589531841444E+01  0.588877528824E+01  0.590099787264E+01
  0.593091696627E+01  0.594998465846E+01  0.593260095391E+01  0.590226109234E+01  0.588893467094E+01  0.589445929761E+01
  0.591980631010E+01  0.594717837826E+01
  0.000000000000E+00 -0.101371424433E+00 -0.111257869189E+00 -0.205600998478E-01  0.889539686955E-01  0.117658990249E+00
  0.403774375537E-01 -0.735530673710E-01 -0.120894454713E+00 -0.592802562246E-01  0.564241197133E-01  0.120627912952E+00
  0.760996830694E-01 -0.373055243143E-01 -0.116844357699E+00 -0.911233470384E-01  0.173442762472E-01  0.109936905812E+00
  0.103105909350E+00  0.324464535469E-02 -0.995648493913E-01 -0.112499682014E+00 -0.237609590095E-01  0.867203781953E-01
  0.118390047402E+00  0.434199426981E-01
